<?xml version="1.0" encoding="UTF-8"?>
<!-- Generated by org.testng.reporters.JUnitXMLReporter -->
<testsuite ignored="0" hostname="DESKTOP-9349TGQ" failures="0" tests="5" name="Test" time="128.819" errors="0" timestamp="2024-08-23T15:48:23 IST">
  <testcase classname="testNgImplementationWithAssert.copy.CreateEventTest" name="createEventTest" time="23.017"/>
  <testcase classname="testNgImplementationWithAssert.copy.CreateOrgWithTypeAndIndustryTest" name="createOrgWithTypeAndIndustryTest" time="21.892"/>
  <testcase classname="testNgImplementationWithAssert.copy.CreateAndDuplicateLeadTest" name="createAndDuplicateLeadTest" time="12.665"/>
  <testcase classname="testNgImplementationWithAssert.copy.CreateContactWithExistingOrgTest" name="createContact" time="13.066"/>
  <testcase classname="testNgImplementationWithAssert.copy.CreateOrganizationTest" name="createOrgTest" time="10.57"/>
</testsuite> <!-- Test -->
